root - ERROR - Failed for article link-http://brandedplaylist.nytimes.com/video/t-brand/100000007436527/a-world-of-stories-connected-with-citrix.html
root - ERROR - Article `download()` failed with 404 Client Error: Not Found for url: https://archive.nytimes.com/www.nytimes.com/brandedcontent/video/t-brand/100000007436527/a-world-of-stories-connected-with-citrix.html on URL http://brandedplaylist.nytimes.com/video/t-brand/100000007436527/a-world-of-stories-connected-with-citrix.html
root - ERROR - Failed for article link-https://www.nytimes.com/video/embedded/us/elections/100000007441477/watch-live-georgia-fulton-county.html
root - ERROR - Article `download()` failed with 410 Client Error: Gone for url: https://www.nytimes.com/video/embedded/us/elections/100000007441477/watch-live-georgia-fulton-county.html on URL https://www.nytimes.com/video/embedded/us/elections/100000007441477/watch-live-georgia-fulton-county.html
root - ERROR - Failed for article link-https://www.nytimes.com/video/embedded/us/eleroot - ERROR - Failed for article link-https://www.cnbc.com/2021/05/25/us-bonds-treasury-yields-fall-as-inflation-fears-ease.html
root - ERROR - Article `download()` failed with HTTPSConnectionPool(host='www.cnbc.com', port=443): Read timed out. (read timeout=7) on URL https://www.cnbc.com/2021/05/25/us-bonds-treasury-yields-fall-as-inflation-fears-ease.html
root - ERROR - Failed for article link-https://www.cnbc.com/2020/12/02/release-of-ppp-loan-recipients-data-reveals-troubling-patterns.html
root - ERROR - Article `download()` failed with HTTPSConnectionPool(host='www.cnbc.com', port=443): Read timed out. (read timeout=7) on URL https://www.cnbc.com/2020/12/02/release-of-ppp-loan-recipients-data-reveals-troubling-patterns.html
root - ERROR - Failed for article link-hroot - ERROR - Failed for article link-https://www.nytimes.com/video/embedded/world/100000007808355/biden-boris-johnson-meeting.html
root - ERROR - Article `download()` failed with 410 Client Error: Gone for url: https://www.nytimes.com/video/embedded/world/100000007808355/biden-boris-johnson-meeting.html on URL https://www.nytimes.com/video/embedded/world/100000007808355/biden-boris-johnson-meeting.html
root - ERROR - Failed for article link-https://www.nytimes.com/video/embedded/world/europe/100000007808754/biden-covid-vaccine.html
root - ERROR - Article `download()` failed with 410 Client Error: Gone for url: https://www.nytimes.com/video/embedded/world/europe/100000007808754/biden-covid-vaccine.html on URL https://www.nytimes.com/video/embedded/world/europe/100000007808754/biden-covid-vaccine.html
root - ERROR - Failed for article link-https://www.nytimes.com/video/embedded/us/politics/100000007814110/biden-nato-speech-live.html
root - ERROroot - ERROR - Failed for article link-https://www.cnbc.com/2020/04/14/coronavirus-how-to-adapt-to-a-new-normal-as-lockdowns-are-lifted.html
root - ERROR - Article `download()` failed with HTTPSConnectionPool(host='www.cnbc.com', port=443): Read timed out. (read timeout=7) on URL https://www.cnbc.com/2020/04/14/coronavirus-how-to-adapt-to-a-new-normal-as-lockdowns-are-lifted.html
root - ERROR - Failed for article link-https://www.cnbc.com/2020/04/23/cramer-lightning-round-marvell-technology-is-mr-5g.html
root - ERROR - Article `download()` failed with HTTPSConnectionPool(host='www.cnbc.com', port=443): Read timed out. (read timeout=7) on URL https://www.cnbc.com/2020/04/23/cramer-lightning-round-marvell-technology-is-mr-5g.html
root - ERROR - Failed for article link-https://www.cnbc.com/2020/04/26/coronavirus-social-distancing-could-require-necessary-renovations-to-sports-arenas.html
root - ERROR - Article `download()` failed with HTTPSConnectionPool(host='www.cnbc.com', port=443): Max retries exceeded with url: /2020/04/26/coronavirus-social-distancing-could-require-necessary-renovations-to-sports-arenas.html (Caused by ConnectTimeoutError(<urllib3.connection.HTTPSConnection object at 0x7f7ecfd68760>, 'Connection to www.cnbc.com timed out. (connect timeout=7)')) on URL https://www.cnbc.com/2020/04/26/coronavirus-social-distancing-could-require-necessary-renovations-to-sports-arenas.html
root - ERROR - Failed for article link-https://www.cnbc.com/2020/04/30/gilead-says-it-can-produce-several-million-rounds-of-remdesivir-coronavirus-treatments-next-year.html
root - ERROR - Article `download()` failed with HTTPSConnectionPool(host='www.cnbc.com', port=443): Max retries exceeded with url: /2020/04/30/gilead-says-it-can-produce-several-million-rounds-of-remdesivir-coronavirus-treatments-next-year.html (Caused by ConnectTimeoutError(<urllib3.connection.HTTPSConnection object at 0x7f7ecdc14730>, 'Connection to www.cnbc.com timed out. (connect timeout=7)')) on URL https://www.cnbc.com/2020/04/30/gilead-says-it-can-produce-several-million-rounds-of-remdesivir-coronavirus-treatments-next-year.html
root - ERROR - Failed for article link-https://www.cnbc.com/2020/08/10/robinhood-reports-more-monthly-trades-than-rivals-charles-schwab-e-trade-combined.html
root - ERROR - Article `download()` failed with HTTPSConnectionPool(host='www.cnbc.com', port=443): Read timed out. (read timeout=7) on URL https://www.cnbc.com/2020/08/10/robinhood-reports-more-monthly-trades-than-rivals-charles-schwab-e-trade-combined.html
ed/us/politics/100000007828067/jerome-powell-live-video.html on URL https://www.nytimes.com/video/embedded/us/politics/100000007828067/jerome-powell-live-video.html
root - ERROR - Failed for article link-https://www.nytimes.com/video/embedded/us/politics/100000007830439/biden-speech-guns.html
root - ERROR - Article `download()` failed with 410 Client Error: Gone for url: https://www.nytimes.com/video/embedded/us/politics/100000007830439/biden-speech-guns.html on URL https://www.nytimes.com/video/embedded/us/politics/100000007830439/biden-speech-guns.html
root - ERROR - Failed for article link-https://www.nytimes.com/video/embedded/us/100000007832680/miami-building-collapse-press-conference.html
root - ERROR - Article `download()` failed with 410 Client Error: Gone for url: https://www.nytimes.com/video/embedded/us/100000007832680/miami-building-collapse-press-conference.html on URL https://www.nytimes.com/video/embedded/us/100000007832680/miami-building-collapse-press-conference.html
root - ERROR - Failed for article link-https://www.nytimes.com/video/embedded/us/politics/100000007833313/miami-beach-building-press-conference.html
root - ERROR - Article `download()` failed with 410 Client Error: Gone for url: https://www.nytimes.com/video/embedded/us/politics/100000007833313/miami-beach-building-press-conference.html on URL https://www.nytimes.com/video/embedded/us/politics/100000007833313/miami-beach-building-press-conference.html
root - ERROR - Failed for article link-https://www.nytimes.com/video/embedded/us/politics/100000007833434/biden-infrastructure-live-video.html
root - ERROR - Article `download()` failed with 410 Client Error: Gone for url: https://www.nytimes.com/video/embedded/us/politics/100000007833434/biden-infrastructure-live-video.html on URL https://www.nytimes.com/video/embedded/us/politics/100000007833434/biden-infrastructure-live-video.html
root - ERROR - Failed for article link-https://www.nytimes.com/video/embedded/us/100000007835547/derek-chauvin-sentencing-live.html
root - ERROR - Article `download()` failed with 410 Client Error: Gone for url: https://www.nytimes.com/video/embedded/us/100000007835547/derek-chauvin-sentencing-live.html on URL https://www.nytimes.com/video/embedded/us/100000007835547/derek-chauvin-sentencing-live.html
root - ERROR - Failed for article link-https://www.nytimes.com/video/embedded/us/100000007837143/miami-condo-collapse.html
root - ERROR - Article `download()` failed with 410 Client Error: Gone for url: https://www.nytimes.com/video/embedded/us/100000007837143/miami-condo-collapse.html on URL https://www.nytimes.com/video/embedded/us/100000007837143/miami-condo-collapse.html
root - ERROR - Failed for article link-https://www.nytimes.com/video/embedded/us/100000007838487/surfside-police-building-collapse.html
root - ERROR - Article `download()` failed with 410 Client Error: Gone for url: https://www.nytimes.com/video/embedded/us/100000007838487/surfside-police-building-collapse.html on URL https://www.nytimes.com/video/embedded/us/100000007838487/surfside-police-building-collapse.html
root - ERROR - Failed for article link-https://www.nytimes.com/video/embedded/world/middleeast/100000007838573/us-airstrikes-iraq-syria-border-iran-militias.html
root - ERROR - Article `download()` failed with 410 Client Error: Gone for url: https://www.nytimes.com/video/embedded/world/middleeast/100000007838573/us-airstrikes-iraq-syria-border-iran-militias.html on URL https://www.nytimes.com/video/embedded/world/middleeast/100000007838573/us-airstrikes-iraq-syria-border-iran-militias.html
root - ERROR - Failed for article link-https://www.nytimes.com/video/embedded/us/politics/100000007840743/surfside-building-collapse-update-live.html
root - ERROR - Article `download()` failed with 410 Client Error: Gone for url: https://www.nytimes.com/video/embedded/us/politics/100000007840743/surfside-building-collapse-update-live.html on URL https://www.nytimes.com/video/embedded/us/politics/100000007840743/surfside-building-collapse-update-live.html
root - ERROR - Failed for article link-https://www.nytimes.com/video/embedded/us/100000008007621/nyc-teacher-protest-school-vaccine-mandate.html
root - ERROR - Article `download()` failed with 410 Client Error: Gone for url: https://www.nytimes.com/video/embedded/us/100000008007621/nyc-teacher-protest-school-vaccine-mandate.html on URL https://www.nytimes.com/video/embedded/us/100000008007621/nyc-teacher-protest-school-vaccine-mandate.html
root - ERROR - Failed for article link-https://www.nytimes.com/video/embedded/business/100000008007545/facebook-whistleblower-hearing.html
root - ERROR - Article `download()` failed with 410 Client Error: Gone for url: https://www.nytimes.com/video/embedded/business/100000008007545/facebook-whistleblower-hearing.html on URL https://www.nytimes.com/video/embedded/business/100000008007545/facebook-whistleblower-hearing.html
root - ERROR - Failed for article link-https://www.nytimes.com/video/embedded/us/politics/100000008013477/biden-chicago-vaccine-mandates-live-video.html
root - ERROR - Article `download()` failed with 410 Client Error: Gone for url: https://www.nytimes.com/video/embedded/us/politics/100000008013477/biden-chicago-vaccine-mandates-live-video.html on URL https://www.nytimes.com/video/embedded/us/politics/100000008013477/biden-chicago-vaccine-mandates-live-video.html
root - ERROR - Failed for article link-https://www.nytimes.com/video/embedded/us/politics/100000008015072/biden-jobs-report-live.html
root - ERROR - Article `download()` failed with 410 Client Error: Gone for url: https://www.nytimes.com/video/embedded/us/politics/100000008015072/biden-jobs-report-live.html on URL https://www.nytimes.com/video/embedded/us/politics/100000008015072/biden-jobs-report-live.html
jieba - DEBUG - Building prefix dict from /opt/miniconda3/envs/256_backend/lib/python3.9/site-packages/jieba/dict.txt ...
jieba - DEBUG - Dumping model to file cache /var/folders/8l/f6lm3_md47l5qhdjb4rh2htr0000gn/T/jieba.cache
jieba - DEBUG - Loading model cost 1.0937480926513672 seconds.
jieba - DEBUG - Prefix dict has been built succesfully.
root - ERROR - Failed for article link-https://www.nytimes.com/video/embedded/science/space/100000008021098/william-shatner-blue-origin-launch-live-video.html
root - ERROR - Article `download()` failed with 410 Client Error: Gone for url: https://www.nytimes.com/video/embedded/science/space/100000008021098/william-shatner-blue-origin-launch-live-video.html on URL https://www.nytimes.com/video/embedded/science/space/100000008021098/william-shatner-blue-origin-launch-live-video.html
root - ERROR - Failed for article link-https://www.nytimes.com/video/embedded/us/politics/100000008021072/biden-supply-chain-live-video.html
root - ERROR - Article `download()` failed with 410 Client Error: Gone for url: https://www.nytimes.com/video/embedded/us/politics/100000008021072/biden-supply-chain-live-video.html on URL https://www.nytimes.com/video/embedded/us/politics/100000008021072/biden-supply-chain-live-video.html
root - ERROR - Failed for article link-https://www.nytimes.com/video//100000008022910/a-force-of-food-delivery-workers.html
root - ERROR - Article `download()` failed with 404 Client Error: Not Found for url: https://www.nytimes.com/video//100000008022910/a-force-of-food-delivery-workers.html on URL https://www.nytimes.com/video//100000008022910/a-force-of-food-delivery-workers.html
root - ERROR - Failed for article link-https://www.nytimes.com/video/embedded/us/100000008024567/biden-covid-response-live-video.html
root - ERROR - Article `download()` failed with 410 Client Error: Gone for url: https://www.nytimes.com/video/embedded/us/100000008024567/biden-covid-response-live-video.html on URL https://www.nytimes.com/video/embedded/us/100000008024567/biden-covid-response-live-video.html
root - ERROR - Failed for article link-https://www.nytimes.com/video/embedded/us/politics/100000008030122/colin-powell-blinken-live-video.html
root - ERROR - Article `download()` failed with 410 Client Error: Gone for url: https://www.nytimes.com/video/embedded/us/politics/100000008030122/colin-powell-blinken-live-video.html on URL https://www.nytimes.com/video/embedded/us/politics/100000008030122/colin-powell-blinken-live-video.html
root - ERROR - Failed for article link-https://www.nytimes.com/video/embedded/world/europe/100000008041816/frances-haugen-parliament-livestream.html
root - ERROR - Article `download()` failed with 410 Client Error: Gone for url: https://www.nytimes.com/video/embedded/world/europe/100000008041816/frances-haugen-parliament-livestream.html on URL https://www.nytimes.com/video/embedded/world/europe/100000008041816/frances-haugen-parliament-livestream.html
root - ERROR - Failed for article link-https://www.nytimes.com/video/embedded/business/media/100000008043158/senate-hearing-kids-teens-online.html
root - ERROR - Article `download()` failed with 410 Client Error: Gone for url: https://www.nytimes.com/video/embedded/business/media/100000008043158/senate-hearing-kids-teens-online.html on URL https://www.nytimes.com/video/embedded/business/media/100000008043158/senate-hearing-kids-teens-online.html
root - ERROR - Failed for article link-https://www.nytimes.com/video/embedded/us/100000008045266/baldwin-shooting-investigation-live-video.html
root - ERROR - Article `download()` failed with 410 Client Error: Gone for url: https://www.nytimes.com/video/embedded/us/100000008045266/baldwin-shooting-investigation-live-video.html on URL https://www.nytimes.com/video/embedded/us/100000008045266/baldwin-shooting-investigation-live-video.html
root - ERROR - Failed for article link-https://www.nytimes.com/video/embedded/climate/100000008047143/climate-disinformation-hearing-live-video.html
root - ERROR - Article `download()` failed with 410 Client Error: Gone for url: https://www.nytimes.com/video/embedded/climate/100000008047143/climate-disinformation-hearing-live-video.html on URL https://www.nytimes.com/video/embedded/climate/100000008047143/climate-disinformation-hearing-live-video.html
root - ERROR - Failed for article link-https://www.nytimes.com/video/embedded/us/politics/100000008048385/biden-g20-speech-live.html
root - ERROR - Article `download()` failed with 410 Client Error: Gone for url: https://www.nytimes.com/video/embedded/us/politics/100000008048385/biden-g20-speech-live.html on URL https://www.nytimes.com/video/embedded/us/politics/100000008048385/biden-g20-speech-live.html
